<?xml version="1.0" encoding="UTF-8"?>
<testsuite name="dev.sato.worldprotect.protection.region.RegionIdTest" tests="2" skipped="0" failures="0" errors="0" timestamp="2026-06-16T11:00:40" hostname="DESKTOP-1SQ6CT0" time="0.029">
  <properties/>
  <testcase name="testInvalidRegionIds()" classname="dev.sato.worldprotect.protection.region.RegionIdTest" time="0.002"/>
  <testcase name="testValidRegionIds()" classname="dev.sato.worldprotect.protection.region.RegionIdTest" time="0.012"/>
  <system-out><![CDATA[]]></system-out>
  <system-err><![CDATA[]]></system-err>
</testsuite>
